<?xml version="1.0" encoding="UTF-8"?>
<!-- Generated by org.testng.reporters.JUnitXMLReporter -->
<testsuite hostname="DESKTOP-1JHK3IO" ignored="0" name="Default test(failed)(failed)" tests="4" failures="4" timestamp="2022-03-17T23:32:22 IST" time="0.625" errors="0">
  <testcase name="TC3" time="0.015" classname="com.abc.Orangehrm.LoginPageTest1">
    <failure type="java.lang.NullPointerException">
      <![CDATA[java.lang.NullPointerException
at orangehrm.LoginPage.getUsernametxt(LoginPage.java:20)
at orangehrm.LoginPage.Login(LoginPage.java:36)
at com.abc.Orangehrm.LoginPageTest1.TC3(LoginPageTest1.java:64)
at java.util.ArrayList.forEach(Unknown Source)
... Removed 27 stack frames]]>
    </failure>
  </testcase> <!-- TC3 -->
  <testcase name="TC4" time="0.0" classname="com.abc.Orangehrm.LoginPageTest1">
    <failure type="java.lang.NullPointerException">
      <![CDATA[java.lang.NullPointerException
at orangehrm.LoginPage.getUsernametxt(LoginPage.java:20)
at orangehrm.LoginPage.Login(LoginPage.java:36)
at com.abc.Orangehrm.LoginPageTest1.TC4(LoginPageTest1.java:78)
at java.util.ArrayList.forEach(Unknown Source)
... Removed 27 stack frames]]>
    </failure>
  </testcase> <!-- TC4 -->
  <testcase name="TC1" time="0.0" classname="com.abc.Orangehrm.LoginPageTest1">
    <failure type="java.lang.NullPointerException">
      <![CDATA[java.lang.NullPointerException
at orangehrm.LoginPage.getUsernametxt(LoginPage.java:20)
at orangehrm.LoginPage.Login(LoginPage.java:36)
at com.abc.Orangehrm.LoginPageTest1.TC1(LoginPageTest1.java:34)
at java.util.ArrayList.forEach(Unknown Source)
... Removed 27 stack frames]]>
    </failure>
  </testcase> <!-- TC1 -->
  <testcase name="TC2" time="0.016" classname="com.abc.Orangehrm.LoginPageTest1">
    <failure type="java.lang.NullPointerException">
      <![CDATA[java.lang.NullPointerException
at orangehrm.LoginPage.getUsernametxt(LoginPage.java:20)
at orangehrm.LoginPage.Login(LoginPage.java:36)
at com.abc.Orangehrm.LoginPageTest1.TC2(LoginPageTest1.java:47)
at java.util.ArrayList.forEach(Unknown Source)
... Removed 27 stack frames]]>
    </failure>
  </testcase> <!-- TC2 -->
</testsuite> <!-- Default test(failed)(failed) -->
