<?xml version="1.0" encoding="UTF-8"?>
<!-- Generated by org.testng.reporters.JUnitXMLReporter -->
<testsuite hostname="DESKTOP-1JHK3IO" ignored="1" name="Test" tests="3" failures="3" timestamp="2022-04-13T23:16:04 IST" time="12.027" errors="0">
  <testcase name="TC2" time="2.521" classname="com.abc.Orangehrm.LoginPageTest1">
    <failure type="java.lang.NullPointerException">
      <![CDATA[java.lang.NullPointerException
at common_functionality.Reporter.PassTest(Reporter.java:36)
at com.abc.Orangehrm.LoginPageTest1.TC2(LoginPageTest1.java:57)
at java.util.ArrayList.forEach(Unknown Source)
... Removed 27 stack frames]]>
    </failure>
  </testcase> <!-- TC2 -->
  <testcase name="TC3" time="2.028" classname="com.abc.Orangehrm.LoginPageTest1">
    <failure type="java.lang.NullPointerException">
      <![CDATA[java.lang.NullPointerException
at common_functionality.Reporter.PassTest(Reporter.java:36)
at com.abc.Orangehrm.LoginPageTest1.TC3(LoginPageTest1.java:73)
at java.util.ArrayList.forEach(Unknown Source)
... Removed 27 stack frames]]>
    </failure>
  </testcase> <!-- TC3 -->
  <testcase name="TC4" time="5.393" classname="com.abc.Orangehrm.LoginPageTest1">
    <failure type="java.lang.NullPointerException">
      <![CDATA[java.lang.NullPointerException
at common_functionality.Reporter.PassTest(Reporter.java:36)
at com.abc.Orangehrm.LoginPageTest1.TC4(LoginPageTest1.java:88)
at java.util.ArrayList.forEach(Unknown Source)
... Removed 27 stack frames]]>
    </failure>
  </testcase> <!-- TC4 -->
  <testcase name="TC1" time="0.0" classname="com.abc.Orangehrm.LoginPageTest1">
    <ignored/>
  </testcase> <!-- TC1 -->
</testsuite> <!-- Test -->
