<?xml version="1.0" encoding="UTF-8"?>
<!-- Generated by org.testng.reporters.JUnitXMLReporter -->
<testsuite hostname="DESKTOP-1JHK3IO" ignored="0" name="Test" tests="4" failures="0" timestamp="2022-03-23T21:54:35 IST" time="1.265" errors="0">
  <testcase name="@BeforeSuite Browser_Initilisation" time="52.349" classname="common_functionality.BrowserLaunch">
    <failure type="org.openqa.selenium.WebDriverException" message="unknown error: cannot determine loading status
from disconnected: received Inspector.detached event
  (Session info: chrome=99.0.4844.51)
Build info: version: &amp;apos;4.0.0&amp;apos;, revision: &amp;apos;3a21814679&amp;apos;
System info: host: &amp;apos;DESKTOP-1JHK3IO&amp;apos;, ip: &amp;apos;192.168.43.251&amp;apos;, os.name: &amp;apos;Windows 10&amp;apos;, os.arch: &amp;apos;amd64&amp;apos;, os.version: &amp;apos;10.0&amp;apos;, java.version: &amp;apos;1.8.0_301&amp;apos;
Driver info: org.openqa.selenium.chrome.ChromeDriver
Command: [fb91b3b2485b2b9c3ecdb055fedae116, get {url=https://opensource-demo.orangehrmlive.com/}]
Capabilities {acceptInsecureCerts: false, browserName: chrome, browserVersion: 99.0.4844.51, chrome: {chromedriverVersion: 98.0.4758.102 (273bf7ac8c90..., userDataDir: C:\Users\Admin\AppData\Loca...}, goog:chromeOptions: {debuggerAddress: localhost:57081}, javascriptEnabled: true, networkConnectionEnabled: false, pageLoadStrategy: normal, platform: WINDOWS, platformName: WINDOWS, proxy: Proxy(), se:cdp: ws://localhost:57081/devtoo..., se:cdpVersion: 99.0.4844.51, setWindowRect: true, strictFileInteractability: false, timeouts: {implicit: 0, pageLoad: 300000, script: 30000}, unhandledPromptBehavior: dismiss and notify, webauthn:extension:credBlob: true, webauthn:extension:largeBlob: true, webauthn:virtualAuthenticators: true}
Session ID: fb91b3b2485b2b9c3ecdb055fedae116">
      <![CDATA[org.openqa.selenium.WebDriverException: unknown error: cannot determine loading status
from disconnected: received Inspector.detached event
  (Session info: chrome=99.0.4844.51)
Build info: version: '4.0.0', revision: '3a21814679'
System info: host: 'DESKTOP-1JHK3IO', ip: '192.168.43.251', os.name: 'Windows 10', os.arch: 'amd64', os.version: '10.0', java.version: '1.8.0_301'
Driver info: org.openqa.selenium.chrome.ChromeDriver
Command: [fb91b3b2485b2b9c3ecdb055fedae116, get {url=https://opensource-demo.orangehrmlive.com/}]
Capabilities {acceptInsecureCerts: false, browserName: chrome, browserVersion: 99.0.4844.51, chrome: {chromedriverVersion: 98.0.4758.102 (273bf7ac8c90..., userDataDir: C:\Users\Admin\AppData\Loca...}, goog:chromeOptions: {debuggerAddress: localhost:57081}, javascriptEnabled: true, networkConnectionEnabled: false, pageLoadStrategy: normal, platform: WINDOWS, platformName: WINDOWS, proxy: Proxy(), se:cdp: ws://localhost:57081/devtoo..., se:cdpVersion: 99.0.4844.51, setWindowRect: true, strictFileInteractability: false, timeouts: {implicit: 0, pageLoad: 300000, script: 30000}, unhandledPromptBehavior: dismiss and notify, webauthn:extension:credBlob: true, webauthn:extension:largeBlob: true, webauthn:virtualAuthenticators: true}
Session ID: fb91b3b2485b2b9c3ecdb055fedae116
at org.openqa.selenium.remote.codec.w3c.W3CHttpResponseCodec.createException(W3CHttpResponseCodec.java:200)
at org.openqa.selenium.remote.codec.w3c.W3CHttpResponseCodec.decode(W3CHttpResponseCodec.java:133)
at org.openqa.selenium.remote.codec.w3c.W3CHttpResponseCodec.decode(W3CHttpResponseCodec.java:53)
at org.openqa.selenium.remote.HttpCommandExecutor.execute(HttpCommandExecutor.java:184)
at org.openqa.selenium.remote.service.DriverCommandExecutor.invokeExecute(DriverCommandExecutor.java:164)
at org.openqa.selenium.remote.service.DriverCommandExecutor.execute(DriverCommandExecutor.java:139)
at org.openqa.selenium.remote.RemoteWebDriver.execute(RemoteWebDriver.java:559)
at org.openqa.selenium.remote.RemoteWebDriver.get(RemoteWebDriver.java:328)
at common_functionality.BrowserLaunch.Browser_Initilisation(BrowserLaunch.java:36)
... Removed 23 stack frames]]>
    </failure>
  </testcase> <!-- @BeforeSuite Browser_Initilisation -->
  <testcase name="TC1" time="0.0" classname="com.abc.Orangehrm.LoginPageTest1">
    <skipped/>
  </testcase> <!-- TC1 -->
  <testcase name="TC2" time="0.0" classname="com.abc.Orangehrm.LoginPageTest1">
    <skipped/>
  </testcase> <!-- TC2 -->
  <testcase name="TC3" time="0.0" classname="com.abc.Orangehrm.LoginPageTest1">
    <skipped/>
  </testcase> <!-- TC3 -->
  <testcase name="TC4" time="0.0" classname="com.abc.Orangehrm.LoginPageTest1">
    <skipped/>
  </testcase> <!-- TC4 -->
</testsuite> <!-- Test -->
