<?xml version="1.0" encoding="UTF-8"?>
<!-- Generated by org.testng.reporters.JUnitXMLReporter -->
<testsuite hostname="DESKTOP-1JHK3IO" ignored="0" name="Default test" tests="4" failures="0" timestamp="2022-04-07T12:54:02 IST" time="24.938" errors="0">
  <testcase name="TC1" time="7.106" classname="com.abc.Orangehrm.LoginPageTest1"/>
  <testcase name="TC2" time="1.744" classname="com.abc.Orangehrm.LoginPageTest1"/>
  <testcase name="TC3" time="1.772" classname="com.abc.Orangehrm.LoginPageTest1"/>
  <testcase name="TC4" time="6.303" classname="com.abc.Orangehrm.LoginPageTest1"/>
</testsuite> <!-- Default test -->
