<?xml version="1.0" encoding="UTF-8"?>
<!-- Generated by org.testng.reporters.JUnitXMLReporter -->
<testsuite hostname="DESKTOP-1JHK3IO" ignored="0" name="Default test" tests="4" failures="0" timestamp="2022-04-27T12:26:33 IST" time="11.395" errors="0">
  <testcase name="TC1" time="2.33" classname="com.abc.Orangehrm.LoginPageTest1"/>
  <testcase name="TC2" time="2.018" classname="com.abc.Orangehrm.LoginPageTest1"/>
  <testcase name="TC3" time="2.289" classname="com.abc.Orangehrm.LoginPageTest1"/>
  <testcase name="TC4" time="1.663" classname="com.abc.Orangehrm.LoginPageTest1"/>
</testsuite> <!-- Default test -->
