<?xml version="1.0" encoding="UTF-8"?>
<testng-results skipped="0" failed="0" ignored="0" total="1" passed="1">
  <reporter-output>
  </reporter-output>
  <suite name="Default suite" duration-ms="13716" started-at="2022-04-14T00:07:48 IST" finished-at="2022-04-14T00:08:01 IST">
    <groups>
    </groups>
    <test name="Default test" duration-ms="13716" started-at="2022-04-14T00:07:48 IST" finished-at="2022-04-14T00:08:01 IST">
      <class name="com.abc.Orangehrm.Peronal_DetailsTest">
        <test-method status="PASS" signature="Browser_Initilisation()[pri:0, instance:com.abc.Orangehrm.Peronal_DetailsTest@544a2ea6]" name="Browser_Initilisation" is-config="true" duration-ms="10690" started-at="2022-04-14T00:07:37 IST" finished-at="2022-04-14T00:07:48 IST">
          <reporter-output>
          </reporter-output>
        </test-method> <!-- Browser_Initilisation -->
        <test-method status="PASS" signature="Report()[pri:0, instance:com.abc.Orangehrm.Peronal_DetailsTest@544a2ea6]" name="Report" is-config="true" duration-ms="335" started-at="2022-04-14T00:07:48 IST" finished-at="2022-04-14T00:07:48 IST">
          <reporter-output>
          </reporter-output>
        </test-method> <!-- Report -->
        <test-method status="PASS" signature="ExcelConnect()[pri:0, instance:com.abc.Orangehrm.Peronal_DetailsTest@544a2ea6]" name="ExcelConnect" is-config="true" duration-ms="1040" started-at="2022-04-14T00:07:48 IST" depends-on-methods="common_functionality.Reporter.Report" finished-at="2022-04-14T00:07:49 IST">
          <reporter-output>
          </reporter-output>
        </test-method> <!-- ExcelConnect -->
        <test-method status="PASS" signature="TC1()[pri:0, instance:com.abc.Orangehrm.Peronal_DetailsTest@544a2ea6]" name="TC1" duration-ms="11792" started-at="2022-04-14T00:07:49 IST" finished-at="2022-04-14T00:08:01 IST">
          <reporter-output>
          </reporter-output>
        </test-method> <!-- TC1 -->
        <test-method status="PASS" signature="endTest()[pri:0, instance:com.abc.Orangehrm.Peronal_DetailsTest@544a2ea6]" name="endTest" is-config="true" duration-ms="506" started-at="2022-04-14T00:08:01 IST" finished-at="2022-04-14T00:08:01 IST">
          <reporter-output>
          </reporter-output>
        </test-method> <!-- endTest -->
        <test-method status="PASS" signature="Broweser_close()[pri:0, instance:com.abc.Orangehrm.Peronal_DetailsTest@544a2ea6]" name="Broweser_close" is-config="true" duration-ms="1013" started-at="2022-04-14T00:08:01 IST" finished-at="2022-04-14T00:08:02 IST">
          <reporter-output>
          </reporter-output>
        </test-method> <!-- Broweser_close -->
      </class> <!-- com.abc.Orangehrm.Peronal_DetailsTest -->
    </test> <!-- Default test -->
  </suite> <!-- Default suite -->
</testng-results>
